[14-Oct-2025 18:53:18 UTC] PHP Fatal error:  Uncaught Error: Undefined constant "TITLE" in /var/www/html/nittosupport/wp-content/themes/nittosupport_theme/header.php:7
Stack trace:
#0 /var/www/html/nittosupport/wp-includes/template.php(810): require_once()
#1 /var/www/html/nittosupport/wp-includes/template.php(745): load_template()
#2 /var/www/html/nittosupport/wp-includes/general-template.php(48): locate_template()
#3 /var/www/html/nittosupport/wp-content/themes/nittosupport_theme/index.php(1): get_header()
#4 /var/www/html/nittosupport/wp-includes/template-loader.php(106): include('...')
#5 /var/www/html/nittosupport/wp-blog-header.php(19): require_once('...')
#6 /var/www/html/nittosupport/index.php(17): require('...')
#7 {main}
  thrown in /var/www/html/nittosupport/wp-content/themes/nittosupport_theme/header.php on line 7
[14-Oct-2025 18:53:21 UTC] PHP Fatal error:  Uncaught Error: Undefined constant "TITLE" in /var/www/html/nittosupport/wp-content/themes/nittosupport_theme/header.php:7
Stack trace:
#0 /var/www/html/nittosupport/wp-includes/template.php(810): require_once()
#1 /var/www/html/nittosupport/wp-includes/template.php(745): load_template()
#2 /var/www/html/nittosupport/wp-includes/general-template.php(48): locate_template()
#3 /var/www/html/nittosupport/wp-content/themes/nittosupport_theme/index.php(1): get_header()
#4 /var/www/html/nittosupport/wp-includes/template-loader.php(106): include('...')
#5 /var/www/html/nittosupport/wp-blog-header.php(19): require_once('...')
#6 /var/www/html/nittosupport/index.php(17): require('...')
#7 {main}
  thrown in /var/www/html/nittosupport/wp-content/themes/nittosupport_theme/header.php on line 7
[14-Oct-2025 18:53:29 UTC] PHP Fatal error:  Uncaught Error: Undefined constant "TITLE" in /var/www/html/nittosupport/wp-content/themes/nittosupport_theme/header.php:7
Stack trace:
#0 /var/www/html/nittosupport/wp-includes/template.php(810): require_once()
#1 /var/www/html/nittosupport/wp-includes/template.php(745): load_template()
#2 /var/www/html/nittosupport/wp-includes/general-template.php(48): locate_template()
#3 /var/www/html/nittosupport/wp-content/themes/nittosupport_theme/index.php(1): get_header()
#4 /var/www/html/nittosupport/wp-includes/template-loader.php(106): include('...')
#5 /var/www/html/nittosupport/wp-blog-header.php(19): require_once('...')
#6 /var/www/html/nittosupport/index.php(17): require('...')
#7 {main}
  thrown in /var/www/html/nittosupport/wp-content/themes/nittosupport_theme/header.php on line 7
[14-Oct-2025 18:53:30 UTC] PHP Fatal error:  Uncaught Error: Undefined constant "TITLE" in /var/www/html/nittosupport/wp-content/themes/nittosupport_theme/header.php:7
Stack trace:
#0 /var/www/html/nittosupport/wp-includes/template.php(810): require_once()
#1 /var/www/html/nittosupport/wp-includes/template.php(745): load_template()
#2 /var/www/html/nittosupport/wp-includes/general-template.php(48): locate_template()
#3 /var/www/html/nittosupport/wp-content/themes/nittosupport_theme/index.php(1): get_header()
#4 /var/www/html/nittosupport/wp-includes/template-loader.php(106): include('...')
#5 /var/www/html/nittosupport/wp-blog-header.php(19): require_once('...')
#6 /var/www/html/nittosupport/index.php(17): require('...')
#7 {main}
  thrown in /var/www/html/nittosupport/wp-content/themes/nittosupport_theme/header.php on line 7
[14-Oct-2025 18:53:31 UTC] PHP Fatal error:  Uncaught Error: Undefined constant "TITLE" in /var/www/html/nittosupport/wp-content/themes/nittosupport_theme/header.php:7
Stack trace:
#0 /var/www/html/nittosupport/wp-includes/template.php(810): require_once()
#1 /var/www/html/nittosupport/wp-includes/template.php(745): load_template()
#2 /var/www/html/nittosupport/wp-includes/general-template.php(48): locate_template()
#3 /var/www/html/nittosupport/wp-content/themes/nittosupport_theme/index.php(1): get_header()
#4 /var/www/html/nittosupport/wp-includes/template-loader.php(106): include('...')
#5 /var/www/html/nittosupport/wp-blog-header.php(19): require_once('...')
#6 /var/www/html/nittosupport/index.php(17): require('...')
#7 {main}
  thrown in /var/www/html/nittosupport/wp-content/themes/nittosupport_theme/header.php on line 7
[14-Oct-2025 18:53:45 UTC] PHP Fatal error:  Uncaught Error: Undefined constant "TITLE" in /var/www/html/nittosupport/wp-content/themes/nittosupport_theme/header.php:7
Stack trace:
#0 /var/www/html/nittosupport/wp-includes/template.php(810): require_once()
#1 /var/www/html/nittosupport/wp-includes/template.php(745): load_template()
#2 /var/www/html/nittosupport/wp-includes/general-template.php(48): locate_template()
#3 /var/www/html/nittosupport/wp-content/themes/nittosupport_theme/index.php(1): get_header()
#4 /var/www/html/nittosupport/wp-includes/template-loader.php(106): include('...')
#5 /var/www/html/nittosupport/wp-blog-header.php(19): require_once('...')
#6 /var/www/html/nittosupport/index.php(17): require('...')
#7 {main}
  thrown in /var/www/html/nittosupport/wp-content/themes/nittosupport_theme/header.php on line 7
[14-Oct-2025 18:53:52 UTC] PHP Fatal error:  Uncaught Error: Undefined constant "TITLE" in /var/www/html/nittosupport/wp-content/themes/nittosupport_theme/header.php:7
Stack trace:
#0 /var/www/html/nittosupport/wp-includes/template.php(810): require_once()
#1 /var/www/html/nittosupport/wp-includes/template.php(745): load_template()
#2 /var/www/html/nittosupport/wp-includes/general-template.php(48): locate_template()
#3 /var/www/html/nittosupport/wp-content/themes/nittosupport_theme/index.php(1): get_header()
#4 /var/www/html/nittosupport/wp-includes/template-loader.php(106): include('...')
#5 /var/www/html/nittosupport/wp-blog-header.php(19): require_once('...')
#6 /var/www/html/nittosupport/index.php(17): require('...')
#7 {main}
  thrown in /var/www/html/nittosupport/wp-content/themes/nittosupport_theme/header.php on line 7
[14-Oct-2025 18:54:00 UTC] PHP Fatal error:  Uncaught Error: Undefined constant "TITLE" in /var/www/html/nittosupport/wp-content/themes/nittosupport_theme/header.php:7
Stack trace:
#0 /var/www/html/nittosupport/wp-includes/template.php(810): require_once()
#1 /var/www/html/nittosupport/wp-includes/template.php(745): load_template()
#2 /var/www/html/nittosupport/wp-includes/general-template.php(48): locate_template()
#3 /var/www/html/nittosupport/wp-content/themes/nittosupport_theme/index.php(1): get_header()
#4 /var/www/html/nittosupport/wp-includes/template-loader.php(106): include('...')
#5 /var/www/html/nittosupport/wp-blog-header.php(19): require_once('...')
#6 /var/www/html/nittosupport/index.php(17): require('...')
#7 {main}
  thrown in /var/www/html/nittosupport/wp-content/themes/nittosupport_theme/header.php on line 7
[14-Oct-2025 18:57:02 UTC] PHP Fatal error:  Uncaught Error: Undefined constant "TITLE" in /var/www/html/nittosupport/wp-content/themes/nittosupport_theme/header.php:7
Stack trace:
#0 /var/www/html/nittosupport/wp-includes/template.php(810): require_once()
#1 /var/www/html/nittosupport/wp-includes/template.php(745): load_template()
#2 /var/www/html/nittosupport/wp-includes/general-template.php(48): locate_template()
#3 /var/www/html/nittosupport/wp-content/themes/nittosupport_theme/index.php(1): get_header()
#4 /var/www/html/nittosupport/wp-includes/template-loader.php(106): include('...')
#5 /var/www/html/nittosupport/wp-blog-header.php(19): require_once('...')
#6 /var/www/html/nittosupport/index.php(17): require('...')
#7 {main}
  thrown in /var/www/html/nittosupport/wp-content/themes/nittosupport_theme/header.php on line 7
[14-Oct-2025 18:57:03 UTC] PHP Fatal error:  Uncaught Error: Undefined constant "TITLE" in /var/www/html/nittosupport/wp-content/themes/nittosupport_theme/header.php:7
Stack trace:
#0 /var/www/html/nittosupport/wp-includes/template.php(810): require_once()
#1 /var/www/html/nittosupport/wp-includes/template.php(745): load_template()
#2 /var/www/html/nittosupport/wp-includes/general-template.php(48): locate_template()
#3 /var/www/html/nittosupport/wp-content/themes/nittosupport_theme/index.php(1): get_header()
#4 /var/www/html/nittosupport/wp-includes/template-loader.php(106): include('...')
#5 /var/www/html/nittosupport/wp-blog-header.php(19): require_once('...')
#6 /var/www/html/nittosupport/index.php(17): require('...')
#7 {main}
  thrown in /var/www/html/nittosupport/wp-content/themes/nittosupport_theme/header.php on line 7
[14-Oct-2025 18:58:00 UTC] PHP Fatal error:  Uncaught Error: Undefined constant "TITLE" in /var/www/html/nittosupport/wp-content/themes/nittosupport_theme/header.php:7
Stack trace:
#0 /var/www/html/nittosupport/wp-includes/template.php(810): require_once()
#1 /var/www/html/nittosupport/wp-includes/template.php(745): load_template()
#2 /var/www/html/nittosupport/wp-includes/general-template.php(48): locate_template()
#3 /var/www/html/nittosupport/wp-content/themes/nittosupport_theme/index.php(1): get_header()
#4 /var/www/html/nittosupport/wp-includes/template-loader.php(106): include('...')
#5 /var/www/html/nittosupport/wp-blog-header.php(19): require_once('...')
#6 /var/www/html/nittosupport/index.php(17): require('...')
#7 {main}
  thrown in /var/www/html/nittosupport/wp-content/themes/nittosupport_theme/header.php on line 7
[14-Oct-2025 18:58:02 UTC] PHP Fatal error:  Uncaught Error: Undefined constant "TITLE" in /var/www/html/nittosupport/wp-content/themes/nittosupport_theme/header.php:7
Stack trace:
#0 /var/www/html/nittosupport/wp-includes/template.php(810): require_once()
#1 /var/www/html/nittosupport/wp-includes/template.php(745): load_template()
#2 /var/www/html/nittosupport/wp-includes/general-template.php(48): locate_template()
#3 /var/www/html/nittosupport/wp-content/themes/nittosupport_theme/index.php(1): get_header()
#4 /var/www/html/nittosupport/wp-includes/template-loader.php(106): include('...')
#5 /var/www/html/nittosupport/wp-blog-header.php(19): require_once('...')
#6 /var/www/html/nittosupport/index.php(17): require('...')
#7 {main}
  thrown in /var/www/html/nittosupport/wp-content/themes/nittosupport_theme/header.php on line 7
[14-Oct-2025 18:58:05 UTC] PHP Fatal error:  Uncaught Error: Undefined constant "TITLE" in /var/www/html/nittosupport/wp-content/themes/nittosupport_theme/header.php:7
Stack trace:
#0 /var/www/html/nittosupport/wp-includes/template.php(810): require_once()
#1 /var/www/html/nittosupport/wp-includes/template.php(745): load_template()
#2 /var/www/html/nittosupport/wp-includes/general-template.php(48): locate_template()
#3 /var/www/html/nittosupport/wp-content/themes/nittosupport_theme/index.php(1): get_header()
#4 /var/www/html/nittosupport/wp-includes/template-loader.php(106): include('...')
#5 /var/www/html/nittosupport/wp-blog-header.php(19): require_once('...')
#6 /var/www/html/nittosupport/index.php(17): require('...')
#7 {main}
  thrown in /var/www/html/nittosupport/wp-content/themes/nittosupport_theme/header.php on line 7
[14-Oct-2025 18:58:07 UTC] PHP Fatal error:  Uncaught Error: Undefined constant "TITLE" in /var/www/html/nittosupport/wp-content/themes/nittosupport_theme/header.php:7
Stack trace:
#0 /var/www/html/nittosupport/wp-includes/template.php(810): require_once()
#1 /var/www/html/nittosupport/wp-includes/template.php(745): load_template()
#2 /var/www/html/nittosupport/wp-includes/general-template.php(48): locate_template()
#3 /var/www/html/nittosupport/wp-content/themes/nittosupport_theme/index.php(1): get_header()
#4 /var/www/html/nittosupport/wp-includes/template-loader.php(106): include('...')
#5 /var/www/html/nittosupport/wp-blog-header.php(19): require_once('...')
#6 /var/www/html/nittosupport/index.php(17): require('...')
#7 {main}
  thrown in /var/www/html/nittosupport/wp-content/themes/nittosupport_theme/header.php on line 7
[14-Oct-2025 18:58:21 UTC] PHP Fatal error:  Uncaught Error: Undefined constant "TITLE" in /var/www/html/nittosupport/wp-content/themes/nittosupport_theme/header.php:7
Stack trace:
#0 /var/www/html/nittosupport/wp-includes/template.php(810): require_once()
#1 /var/www/html/nittosupport/wp-includes/template.php(745): load_template()
#2 /var/www/html/nittosupport/wp-includes/general-template.php(48): locate_template()
#3 /var/www/html/nittosupport/wp-content/themes/nittosupport_theme/index.php(1): get_header()
#4 /var/www/html/nittosupport/wp-includes/template-loader.php(106): include('...')
#5 /var/www/html/nittosupport/wp-blog-header.php(19): require_once('...')
#6 /var/www/html/nittosupport/index.php(17): require('...')
#7 {main}
  thrown in /var/www/html/nittosupport/wp-content/themes/nittosupport_theme/header.php on line 7
[14-Oct-2025 18:58:22 UTC] PHP Fatal error:  Uncaught Error: Undefined constant "TITLE" in /var/www/html/nittosupport/wp-content/themes/nittosupport_theme/header.php:7
Stack trace:
#0 /var/www/html/nittosupport/wp-includes/template.php(810): require_once()
#1 /var/www/html/nittosupport/wp-includes/template.php(745): load_template()
#2 /var/www/html/nittosupport/wp-includes/general-template.php(48): locate_template()
#3 /var/www/html/nittosupport/wp-content/themes/nittosupport_theme/index.php(1): get_header()
#4 /var/www/html/nittosupport/wp-includes/template-loader.php(106): include('...')
#5 /var/www/html/nittosupport/wp-blog-header.php(19): require_once('...')
#6 /var/www/html/nittosupport/index.php(17): require('...')
#7 {main}
  thrown in /var/www/html/nittosupport/wp-content/themes/nittosupport_theme/header.php on line 7
[14-Oct-2025 18:58:23 UTC] PHP Fatal error:  Uncaught Error: Undefined constant "TITLE" in /var/www/html/nittosupport/wp-content/themes/nittosupport_theme/header.php:7
Stack trace:
#0 /var/www/html/nittosupport/wp-includes/template.php(810): require_once()
#1 /var/www/html/nittosupport/wp-includes/template.php(745): load_template()
#2 /var/www/html/nittosupport/wp-includes/general-template.php(48): locate_template()
#3 /var/www/html/nittosupport/wp-content/themes/nittosupport_theme/index.php(1): get_header()
#4 /var/www/html/nittosupport/wp-includes/template-loader.php(106): include('...')
#5 /var/www/html/nittosupport/wp-blog-header.php(19): require_once('...')
#6 /var/www/html/nittosupport/index.php(17): require('...')
#7 {main}
  thrown in /var/www/html/nittosupport/wp-content/themes/nittosupport_theme/header.php on line 7
[14-Oct-2025 18:58:29 UTC] PHP Fatal error:  Uncaught Error: Undefined constant "TITLE" in /var/www/html/nittosupport/wp-content/themes/nittosupport_theme/header.php:7
Stack trace:
#0 /var/www/html/nittosupport/wp-includes/template.php(810): require_once()
#1 /var/www/html/nittosupport/wp-includes/template.php(745): load_template()
#2 /var/www/html/nittosupport/wp-includes/general-template.php(48): locate_template()
#3 /var/www/html/nittosupport/wp-content/themes/nittosupport_theme/index.php(1): get_header()
#4 /var/www/html/nittosupport/wp-includes/template-loader.php(106): include('...')
#5 /var/www/html/nittosupport/wp-blog-header.php(19): require_once('...')
#6 /var/www/html/nittosupport/index.php(17): require('...')
#7 {main}
  thrown in /var/www/html/nittosupport/wp-content/themes/nittosupport_theme/header.php on line 7
[14-Oct-2025 18:58:49 UTC] PHP Fatal error:  Uncaught Error: Undefined constant "TITLE" in /var/www/html/nittosupport/wp-content/themes/nittosupport_theme/header.php:7
Stack trace:
#0 /var/www/html/nittosupport/wp-includes/template.php(810): require_once()
#1 /var/www/html/nittosupport/wp-includes/template.php(745): load_template()
#2 /var/www/html/nittosupport/wp-includes/general-template.php(48): locate_template()
#3 /var/www/html/nittosupport/wp-content/themes/nittosupport_theme/index.php(1): get_header()
#4 /var/www/html/nittosupport/wp-includes/template-loader.php(106): include('...')
#5 /var/www/html/nittosupport/wp-blog-header.php(19): require_once('...')
#6 /var/www/html/nittosupport/index.php(17): require('...')
#7 {main}
  thrown in /var/www/html/nittosupport/wp-content/themes/nittosupport_theme/header.php on line 7
[14-Oct-2025 18:59:03 UTC] PHP Fatal error:  Uncaught Error: Undefined constant "TITLE" in /var/www/html/nittosupport/wp-content/themes/nittosupport_theme/header.php:7
Stack trace:
#0 /var/www/html/nittosupport/wp-includes/template.php(810): require_once()
#1 /var/www/html/nittosupport/wp-includes/template.php(745): load_template()
#2 /var/www/html/nittosupport/wp-includes/general-template.php(48): locate_template()
#3 /var/www/html/nittosupport/wp-content/themes/nittosupport_theme/index.php(1): get_header()
#4 /var/www/html/nittosupport/wp-includes/template-loader.php(106): include('...')
#5 /var/www/html/nittosupport/wp-blog-header.php(19): require_once('...')
#6 /var/www/html/nittosupport/index.php(17): require('...')
#7 {main}
  thrown in /var/www/html/nittosupport/wp-content/themes/nittosupport_theme/header.php on line 7
[14-Oct-2025 18:59:13 UTC] PHP Fatal error:  Uncaught Error: Undefined constant "CSS_URL" in /var/www/html/nittosupport/wp-content/themes/nittosupport_theme/header.php:11
Stack trace:
#0 /var/www/html/nittosupport/wp-includes/template.php(810): require_once()
#1 /var/www/html/nittosupport/wp-includes/template.php(745): load_template()
#2 /var/www/html/nittosupport/wp-includes/general-template.php(48): locate_template()
#3 /var/www/html/nittosupport/wp-content/themes/nittosupport_theme/index.php(1): get_header()
#4 /var/www/html/nittosupport/wp-includes/template-loader.php(106): include('...')
#5 /var/www/html/nittosupport/wp-blog-header.php(19): require_once('...')
#6 /var/www/html/nittosupport/index.php(17): require('...')
#7 {main}
  thrown in /var/www/html/nittosupport/wp-content/themes/nittosupport_theme/header.php on line 11
[14-Oct-2025 19:00:54 UTC] PHP Fatal error:  Uncaught Error: Undefined constant "CSS_URL" in /var/www/html/nittosupport/wp-content/themes/nittosupport_theme/header.php:11
Stack trace:
#0 /var/www/html/nittosupport/wp-includes/template.php(810): require_once()
#1 /var/www/html/nittosupport/wp-includes/template.php(745): load_template()
#2 /var/www/html/nittosupport/wp-includes/general-template.php(48): locate_template()
#3 /var/www/html/nittosupport/wp-content/themes/nittosupport_theme/index.php(1): get_header()
#4 /var/www/html/nittosupport/wp-includes/template-loader.php(106): include('...')
#5 /var/www/html/nittosupport/wp-blog-header.php(19): require_once('...')
#6 /var/www/html/nittosupport/index.php(17): require('...')
#7 {main}
  thrown in /var/www/html/nittosupport/wp-content/themes/nittosupport_theme/header.php on line 11
[14-Oct-2025 19:01:03 UTC] PHP Fatal error:  Uncaught Error: Undefined constant "CSS_URL" in /var/www/html/nittosupport/wp-content/themes/nittosupport_theme/header.php:11
Stack trace:
#0 /var/www/html/nittosupport/wp-includes/template.php(810): require_once()
#1 /var/www/html/nittosupport/wp-includes/template.php(745): load_template()
#2 /var/www/html/nittosupport/wp-includes/general-template.php(48): locate_template()
#3 /var/www/html/nittosupport/wp-content/themes/nittosupport_theme/index.php(1): get_header()
#4 /var/www/html/nittosupport/wp-includes/template-loader.php(106): include('...')
#5 /var/www/html/nittosupport/wp-blog-header.php(19): require_once('...')
#6 /var/www/html/nittosupport/index.php(17): require('...')
#7 {main}
  thrown in /var/www/html/nittosupport/wp-content/themes/nittosupport_theme/header.php on line 11
[14-Oct-2025 19:01:12 UTC] PHP Fatal error:  Uncaught Error: Undefined constant "CSS_URL" in /var/www/html/nittosupport/wp-content/themes/nittosupport_theme/header.php:11
Stack trace:
#0 /var/www/html/nittosupport/wp-includes/template.php(810): require_once()
#1 /var/www/html/nittosupport/wp-includes/template.php(745): load_template()
#2 /var/www/html/nittosupport/wp-includes/general-template.php(48): locate_template()
#3 /var/www/html/nittosupport/wp-content/themes/nittosupport_theme/index.php(1): get_header()
#4 /var/www/html/nittosupport/wp-includes/template-loader.php(106): include('...')
#5 /var/www/html/nittosupport/wp-blog-header.php(19): require_once('...')
#6 /var/www/html/nittosupport/index.php(17): require('...')
#7 {main}
  thrown in /var/www/html/nittosupport/wp-content/themes/nittosupport_theme/header.php on line 11
[14-Oct-2025 19:01:30 UTC] PHP Fatal error:  Uncaught Error: Undefined constant "CSS_URL" in /var/www/html/nittosupport/wp-content/themes/nittosupport_theme/header.php:11
Stack trace:
#0 /var/www/html/nittosupport/wp-includes/template.php(810): require_once()
#1 /var/www/html/nittosupport/wp-includes/template.php(745): load_template()
#2 /var/www/html/nittosupport/wp-includes/general-template.php(48): locate_template()
#3 /var/www/html/nittosupport/wp-content/themes/nittosupport_theme/index.php(1): get_header()
#4 /var/www/html/nittosupport/wp-includes/template-loader.php(106): include('...')
#5 /var/www/html/nittosupport/wp-blog-header.php(19): require_once('...')
#6 /var/www/html/nittosupport/index.php(17): require('...')
#7 {main}
  thrown in /var/www/html/nittosupport/wp-content/themes/nittosupport_theme/header.php on line 11
[14-Oct-2025 19:01:44 UTC] PHP Fatal error:  Uncaught Error: Undefined constant "CSS_URL" in /var/www/html/nittosupport/wp-content/themes/nittosupport_theme/header.php:11
Stack trace:
#0 /var/www/html/nittosupport/wp-includes/template.php(810): require_once()
#1 /var/www/html/nittosupport/wp-includes/template.php(745): load_template()
#2 /var/www/html/nittosupport/wp-includes/general-template.php(48): locate_template()
#3 /var/www/html/nittosupport/wp-content/themes/nittosupport_theme/index.php(1): get_header()
#4 /var/www/html/nittosupport/wp-includes/template-loader.php(106): include('...')
#5 /var/www/html/nittosupport/wp-blog-header.php(19): require_once('...')
#6 /var/www/html/nittosupport/index.php(17): require('...')
#7 {main}
  thrown in /var/www/html/nittosupport/wp-content/themes/nittosupport_theme/header.php on line 11
[14-Oct-2025 19:03:18 UTC] PHP Fatal error:  Uncaught Error: Undefined constant "CSS_URL" in /var/www/html/nittosupport/wp-content/themes/nittosupport_theme/header.php:11
Stack trace:
#0 /var/www/html/nittosupport/wp-includes/template.php(810): require_once()
#1 /var/www/html/nittosupport/wp-includes/template.php(745): load_template()
#2 /var/www/html/nittosupport/wp-includes/general-template.php(48): locate_template()
#3 /var/www/html/nittosupport/wp-content/themes/nittosupport_theme/index.php(1): get_header()
#4 /var/www/html/nittosupport/wp-includes/template-loader.php(106): include('...')
#5 /var/www/html/nittosupport/wp-blog-header.php(19): require_once('...')
#6 /var/www/html/nittosupport/index.php(17): require('...')
#7 {main}
  thrown in /var/www/html/nittosupport/wp-content/themes/nittosupport_theme/header.php on line 11
[14-Oct-2025 19:03:20 UTC] PHP Fatal error:  Uncaught Error: Undefined constant "CSS_URL" in /var/www/html/nittosupport/wp-content/themes/nittosupport_theme/header.php:11
Stack trace:
#0 /var/www/html/nittosupport/wp-includes/template.php(810): require_once()
#1 /var/www/html/nittosupport/wp-includes/template.php(745): load_template()
#2 /var/www/html/nittosupport/wp-includes/general-template.php(48): locate_template()
#3 /var/www/html/nittosupport/wp-content/themes/nittosupport_theme/index.php(1): get_header()
#4 /var/www/html/nittosupport/wp-includes/template-loader.php(106): include('...')
#5 /var/www/html/nittosupport/wp-blog-header.php(19): require_once('...')
#6 /var/www/html/nittosupport/index.php(17): require('...')
#7 {main}
  thrown in /var/www/html/nittosupport/wp-content/themes/nittosupport_theme/header.php on line 11
[14-Oct-2025 19:03:31 UTC] PHP Fatal error:  Uncaught Error: Undefined constant "CSS_URL" in /var/www/html/nittosupport/wp-content/themes/nittosupport_theme/header.php:11
Stack trace:
#0 /var/www/html/nittosupport/wp-includes/template.php(810): require_once()
#1 /var/www/html/nittosupport/wp-includes/template.php(745): load_template()
#2 /var/www/html/nittosupport/wp-includes/general-template.php(48): locate_template()
#3 /var/www/html/nittosupport/wp-content/themes/nittosupport_theme/index.php(1): get_header()
#4 /var/www/html/nittosupport/wp-includes/template-loader.php(106): include('...')
#5 /var/www/html/nittosupport/wp-blog-header.php(19): require_once('...')
#6 /var/www/html/nittosupport/index.php(17): require('...')
#7 {main}
  thrown in /var/www/html/nittosupport/wp-content/themes/nittosupport_theme/header.php on line 11
[14-Oct-2025 19:05:29 UTC] PHP Warning:  require_once(/var/www/html/nittosupport/wp-content/themes/nittosupport_theme/core/Constants/theme-constants.php): Failed to open stream: No such file or directory in /var/www/html/nittosupport/wp-content/themes/nittosupport_theme/functions.php on line 9
[14-Oct-2025 19:05:29 UTC] PHP Fatal error:  Uncaught Error: Failed opening required '/var/www/html/nittosupport/wp-content/themes/nittosupport_theme/core/Constants/theme-constants.php' (include_path='.:/usr/share/php') in /var/www/html/nittosupport/wp-content/themes/nittosupport_theme/functions.php:9
Stack trace:
#0 /var/www/html/nittosupport/wp-settings.php(695): include()
#1 /var/www/html/nittosupport/wp-config.php(106): require_once('...')
#2 /var/www/html/nittosupport/wp-load.php(50): require_once('...')
#3 /var/www/html/nittosupport/wp-blog-header.php(13): require_once('...')
#4 /var/www/html/nittosupport/index.php(17): require('...')
#5 {main}
  thrown in /var/www/html/nittosupport/wp-content/themes/nittosupport_theme/functions.php on line 9
[14-Oct-2025 19:05:29 UTC] PHP Notice:  Function _load_textdomain_just_in_time was called <strong>incorrectly</strong>. Translation loading for the <code>woocommerce</code> domain was triggered too early. This is usually an indicator for some code in the plugin or theme running too early. Translations should be loaded at the <code>init</code> action or later. Please see <a href="https://developer.wordpress.org/advanced-administration/debug/debug-wordpress/">Debugging in WordPress</a> for more information. (This message was added in version 6.7.0.) in /var/www/html/nittosupport/wp-includes/functions.php on line 6121
[14-Oct-2025 19:05:52 UTC] PHP Warning:  require_once(/var/www/html/nittosupport/wp-content/themes/nittosupport_theme/core/Constants/theme-constants.php): Failed to open stream: No such file or directory in /var/www/html/nittosupport/wp-content/themes/nittosupport_theme/functions.php on line 9
[14-Oct-2025 19:05:52 UTC] PHP Fatal error:  Uncaught Error: Failed opening required '/var/www/html/nittosupport/wp-content/themes/nittosupport_theme/core/Constants/theme-constants.php' (include_path='.:/usr/share/php') in /var/www/html/nittosupport/wp-content/themes/nittosupport_theme/functions.php:9
Stack trace:
#0 /var/www/html/nittosupport/wp-settings.php(695): include()
#1 /var/www/html/nittosupport/wp-config.php(106): require_once('...')
#2 /var/www/html/nittosupport/wp-load.php(50): require_once('...')
#3 /var/www/html/nittosupport/wp-blog-header.php(13): require_once('...')
#4 /var/www/html/nittosupport/index.php(17): require('...')
#5 {main}
  thrown in /var/www/html/nittosupport/wp-content/themes/nittosupport_theme/functions.php on line 9
[14-Oct-2025 19:05:52 UTC] PHP Notice:  Function _load_textdomain_just_in_time was called <strong>incorrectly</strong>. Translation loading for the <code>woocommerce</code> domain was triggered too early. This is usually an indicator for some code in the plugin or theme running too early. Translations should be loaded at the <code>init</code> action or later. Please see <a href="https://developer.wordpress.org/advanced-administration/debug/debug-wordpress/">Debugging in WordPress</a> for more information. (This message was added in version 6.7.0.) in /var/www/html/nittosupport/wp-includes/functions.php on line 6121
[14-Oct-2025 19:05:53 UTC] PHP Warning:  require_once(/var/www/html/nittosupport/wp-content/themes/nittosupport_theme/core/Constants/theme-constants.php): Failed to open stream: No such file or directory in /var/www/html/nittosupport/wp-content/themes/nittosupport_theme/functions.php on line 9
[14-Oct-2025 19:05:53 UTC] PHP Fatal error:  Uncaught Error: Failed opening required '/var/www/html/nittosupport/wp-content/themes/nittosupport_theme/core/Constants/theme-constants.php' (include_path='.:/usr/share/php') in /var/www/html/nittosupport/wp-content/themes/nittosupport_theme/functions.php:9
Stack trace:
#0 /var/www/html/nittosupport/wp-settings.php(695): include()
#1 /var/www/html/nittosupport/wp-config.php(106): require_once('...')
#2 /var/www/html/nittosupport/wp-load.php(50): require_once('...')
#3 /var/www/html/nittosupport/wp-blog-header.php(13): require_once('...')
#4 /var/www/html/nittosupport/index.php(17): require('...')
#5 {main}
  thrown in /var/www/html/nittosupport/wp-content/themes/nittosupport_theme/functions.php on line 9
[14-Oct-2025 19:05:53 UTC] PHP Notice:  Function _load_textdomain_just_in_time was called <strong>incorrectly</strong>. Translation loading for the <code>woocommerce</code> domain was triggered too early. This is usually an indicator for some code in the plugin or theme running too early. Translations should be loaded at the <code>init</code> action or later. Please see <a href="https://developer.wordpress.org/advanced-administration/debug/debug-wordpress/">Debugging in WordPress</a> for more information. (This message was added in version 6.7.0.) in /var/www/html/nittosupport/wp-includes/functions.php on line 6121
[14-Oct-2025 19:06:16 UTC] PHP Warning:  require_once(/var/www/html/nittosupport/wp-content/themes/nittosupport_theme/core/Constants/theme-constants.php): Failed to open stream: No such file or directory in /var/www/html/nittosupport/wp-content/themes/nittosupport_theme/functions.php on line 9
[14-Oct-2025 19:06:16 UTC] PHP Fatal error:  Uncaught Error: Failed opening required '/var/www/html/nittosupport/wp-content/themes/nittosupport_theme/core/Constants/theme-constants.php' (include_path='.:/usr/share/php') in /var/www/html/nittosupport/wp-content/themes/nittosupport_theme/functions.php:9
Stack trace:
#0 /var/www/html/nittosupport/wp-settings.php(695): include()
#1 /var/www/html/nittosupport/wp-config.php(106): require_once('...')
#2 /var/www/html/nittosupport/wp-load.php(50): require_once('...')
#3 /var/www/html/nittosupport/wp-admin/admin-ajax.php(22): require_once('...')
#4 {main}
  thrown in /var/www/html/nittosupport/wp-content/themes/nittosupport_theme/functions.php on line 9
[14-Oct-2025 19:06:16 UTC] PHP Notice:  Function _load_textdomain_just_in_time was called <strong>incorrectly</strong>. Translation loading for the <code>nittosupport</code> domain was triggered too early. This is usually an indicator for some code in the plugin or theme running too early. Translations should be loaded at the <code>init</code> action or later. Please see <a href="https://developer.wordpress.org/advanced-administration/debug/debug-wordpress/">Debugging in WordPress</a> for more information. (This message was added in version 6.7.0.) in /var/www/html/nittosupport/wp-includes/functions.php on line 6121
[14-Oct-2025 19:06:16 UTC] PHP Warning:  Trying to access array offset on false in /var/www/html/nittosupport/wp-includes/class-wp-recovery-mode-email-service.php on line 367
[14-Oct-2025 19:06:16 UTC] PHP Warning:  Trying to access array offset on false in /var/www/html/nittosupport/wp-includes/class-wp-recovery-mode-email-service.php on line 368
[14-Oct-2025 19:06:34 UTC] PHP Warning:  require_once(/var/www/html/nittosupport/wp-content/themes/nittosupport_theme/core/Constants/theme-constants.php): Failed to open stream: No such file or directory in /var/www/html/nittosupport/wp-content/themes/nittosupport_theme/functions.php on line 9
[14-Oct-2025 19:06:34 UTC] PHP Fatal error:  Uncaught Error: Failed opening required '/var/www/html/nittosupport/wp-content/themes/nittosupport_theme/core/Constants/theme-constants.php' (include_path='.:/usr/share/php') in /var/www/html/nittosupport/wp-content/themes/nittosupport_theme/functions.php:9
Stack trace:
#0 /var/www/html/nittosupport/wp-settings.php(695): include()
#1 /var/www/html/nittosupport/wp-config.php(106): require_once('...')
#2 /var/www/html/nittosupport/wp-load.php(50): require_once('...')
#3 /var/www/html/nittosupport/wp-admin/admin.php(35): require_once('...')
#4 /var/www/html/nittosupport/wp-admin/edit.php(10): require_once('...')
#5 {main}
  thrown in /var/www/html/nittosupport/wp-content/themes/nittosupport_theme/functions.php on line 9
[14-Oct-2025 19:06:34 UTC] PHP Notice:  Function _load_textdomain_just_in_time was called <strong>incorrectly</strong>. Translation loading for the <code>woocommerce</code> domain was triggered too early. This is usually an indicator for some code in the plugin or theme running too early. Translations should be loaded at the <code>init</code> action or later. Please see <a href="https://developer.wordpress.org/advanced-administration/debug/debug-wordpress/">Debugging in WordPress</a> for more information. (This message was added in version 6.7.0.) in /var/www/html/nittosupport/wp-includes/functions.php on line 6121
[14-Oct-2025 19:06:36 UTC] PHP Warning:  require_once(/var/www/html/nittosupport/wp-content/themes/nittosupport_theme/core/Constants/theme-constants.php): Failed to open stream: No such file or directory in /var/www/html/nittosupport/wp-content/themes/nittosupport_theme/functions.php on line 9
[14-Oct-2025 19:06:36 UTC] PHP Fatal error:  Uncaught Error: Failed opening required '/var/www/html/nittosupport/wp-content/themes/nittosupport_theme/core/Constants/theme-constants.php' (include_path='.:/usr/share/php') in /var/www/html/nittosupport/wp-content/themes/nittosupport_theme/functions.php:9
Stack trace:
#0 /var/www/html/nittosupport/wp-settings.php(695): include()
#1 /var/www/html/nittosupport/wp-config.php(106): require_once('...')
#2 /var/www/html/nittosupport/wp-load.php(50): require_once('...')
#3 /var/www/html/nittosupport/wp-admin/admin.php(35): require_once('...')
#4 /var/www/html/nittosupport/wp-admin/edit.php(10): require_once('...')
#5 {main}
  thrown in /var/www/html/nittosupport/wp-content/themes/nittosupport_theme/functions.php on line 9
[14-Oct-2025 19:06:36 UTC] PHP Notice:  Function _load_textdomain_just_in_time was called <strong>incorrectly</strong>. Translation loading for the <code>woocommerce</code> domain was triggered too early. This is usually an indicator for some code in the plugin or theme running too early. Translations should be loaded at the <code>init</code> action or later. Please see <a href="https://developer.wordpress.org/advanced-administration/debug/debug-wordpress/">Debugging in WordPress</a> for more information. (This message was added in version 6.7.0.) in /var/www/html/nittosupport/wp-includes/functions.php on line 6121
[14-Oct-2025 19:06:58 UTC] PHP Warning:  require_once(/var/www/html/nittosupport/wp-content/themes/nittosupport_theme/core/Constants/theme-constants.php): Failed to open stream: No such file or directory in /var/www/html/nittosupport/wp-content/themes/nittosupport_theme/functions.php on line 9
[14-Oct-2025 19:06:58 UTC] PHP Fatal error:  Uncaught Error: Failed opening required '/var/www/html/nittosupport/wp-content/themes/nittosupport_theme/core/Constants/theme-constants.php' (include_path='.:/usr/share/php') in /var/www/html/nittosupport/wp-content/themes/nittosupport_theme/functions.php:9
Stack trace:
#0 /var/www/html/nittosupport/wp-settings.php(695): include()
#1 /var/www/html/nittosupport/wp-config.php(106): require_once('...')
#2 /var/www/html/nittosupport/wp-load.php(50): require_once('...')
#3 /var/www/html/nittosupport/wp-admin/admin.php(35): require_once('...')
#4 /var/www/html/nittosupport/wp-admin/edit.php(10): require_once('...')
#5 {main}
  thrown in /var/www/html/nittosupport/wp-content/themes/nittosupport_theme/functions.php on line 9
[14-Oct-2025 19:06:58 UTC] PHP Notice:  Function _load_textdomain_just_in_time was called <strong>incorrectly</strong>. Translation loading for the <code>woocommerce</code> domain was triggered too early. This is usually an indicator for some code in the plugin or theme running too early. Translations should be loaded at the <code>init</code> action or later. Please see <a href="https://developer.wordpress.org/advanced-administration/debug/debug-wordpress/">Debugging in WordPress</a> for more information. (This message was added in version 6.7.0.) in /var/www/html/nittosupport/wp-includes/functions.php on line 6121
[14-Oct-2025 19:06:58 UTC] PHP Warning:  require_once(/var/www/html/nittosupport/wp-content/themes/nittosupport_theme/core/Constants/theme-constants.php): Failed to open stream: No such file or directory in /var/www/html/nittosupport/wp-content/themes/nittosupport_theme/functions.php on line 9
[14-Oct-2025 19:06:58 UTC] PHP Fatal error:  Uncaught Error: Failed opening required '/var/www/html/nittosupport/wp-content/themes/nittosupport_theme/core/Constants/theme-constants.php' (include_path='.:/usr/share/php') in /var/www/html/nittosupport/wp-content/themes/nittosupport_theme/functions.php:9
Stack trace:
#0 /var/www/html/nittosupport/wp-settings.php(695): include()
#1 /var/www/html/nittosupport/wp-config.php(106): require_once('...')
#2 /var/www/html/nittosupport/wp-load.php(50): require_once('...')
#3 /var/www/html/nittosupport/wp-admin/admin.php(35): require_once('...')
#4 /var/www/html/nittosupport/wp-admin/edit.php(10): require_once('...')
#5 {main}
  thrown in /var/www/html/nittosupport/wp-content/themes/nittosupport_theme/functions.php on line 9
[14-Oct-2025 19:06:58 UTC] PHP Notice:  Function _load_textdomain_just_in_time was called <strong>incorrectly</strong>. Translation loading for the <code>woocommerce</code> domain was triggered too early. This is usually an indicator for some code in the plugin or theme running too early. Translations should be loaded at the <code>init</code> action or later. Please see <a href="https://developer.wordpress.org/advanced-administration/debug/debug-wordpress/">Debugging in WordPress</a> for more information. (This message was added in version 6.7.0.) in /var/www/html/nittosupport/wp-includes/functions.php on line 6121
[14-Oct-2025 19:08:45 UTC] PHP Warning:  require_once(/var/www/html/nittosupport/wp-content/themes/nittosupport_theme/core/Functions/helpers.php): Failed to open stream: No such file or directory in /var/www/html/nittosupport/wp-content/themes/nittosupport_theme/functions.php on line 10
[14-Oct-2025 19:08:45 UTC] PHP Fatal error:  Uncaught Error: Failed opening required '/var/www/html/nittosupport/wp-content/themes/nittosupport_theme/core/Functions/helpers.php' (include_path='.:/usr/share/php') in /var/www/html/nittosupport/wp-content/themes/nittosupport_theme/functions.php:10
Stack trace:
#0 /var/www/html/nittosupport/wp-settings.php(695): include()
#1 /var/www/html/nittosupport/wp-config.php(106): require_once('...')
#2 /var/www/html/nittosupport/wp-load.php(50): require_once('...')
#3 /var/www/html/nittosupport/wp-admin/admin.php(35): require_once('...')
#4 /var/www/html/nittosupport/wp-admin/edit.php(10): require_once('...')
#5 {main}
  thrown in /var/www/html/nittosupport/wp-content/themes/nittosupport_theme/functions.php on line 10
[14-Oct-2025 19:08:45 UTC] PHP Notice:  Function _load_textdomain_just_in_time was called <strong>incorrectly</strong>. Translation loading for the <code>woocommerce</code> domain was triggered too early. This is usually an indicator for some code in the plugin or theme running too early. Translations should be loaded at the <code>init</code> action or later. Please see <a href="https://developer.wordpress.org/advanced-administration/debug/debug-wordpress/">Debugging in WordPress</a> for more information. (This message was added in version 6.7.0.) in /var/www/html/nittosupport/wp-includes/functions.php on line 6121
[14-Oct-2025 19:08:46 UTC] PHP Warning:  require_once(/var/www/html/nittosupport/wp-content/themes/nittosupport_theme/core/Functions/helpers.php): Failed to open stream: No such file or directory in /var/www/html/nittosupport/wp-content/themes/nittosupport_theme/functions.php on line 10
[14-Oct-2025 19:08:46 UTC] PHP Fatal error:  Uncaught Error: Failed opening required '/var/www/html/nittosupport/wp-content/themes/nittosupport_theme/core/Functions/helpers.php' (include_path='.:/usr/share/php') in /var/www/html/nittosupport/wp-content/themes/nittosupport_theme/functions.php:10
Stack trace:
#0 /var/www/html/nittosupport/wp-settings.php(695): include()
#1 /var/www/html/nittosupport/wp-config.php(106): require_once('...')
#2 /var/www/html/nittosupport/wp-load.php(50): require_once('...')
#3 /var/www/html/nittosupport/wp-admin/admin.php(35): require_once('...')
#4 /var/www/html/nittosupport/wp-admin/edit.php(10): require_once('...')
#5 {main}
  thrown in /var/www/html/nittosupport/wp-content/themes/nittosupport_theme/functions.php on line 10
[14-Oct-2025 19:08:46 UTC] PHP Notice:  Function _load_textdomain_just_in_time was called <strong>incorrectly</strong>. Translation loading for the <code>woocommerce</code> domain was triggered too early. This is usually an indicator for some code in the plugin or theme running too early. Translations should be loaded at the <code>init</code> action or later. Please see <a href="https://developer.wordpress.org/advanced-administration/debug/debug-wordpress/">Debugging in WordPress</a> for more information. (This message was added in version 6.7.0.) in /var/www/html/nittosupport/wp-includes/functions.php on line 6121
[14-Oct-2025 19:08:47 UTC] PHP Warning:  require_once(/var/www/html/nittosupport/wp-content/themes/nittosupport_theme/core/Functions/helpers.php): Failed to open stream: No such file or directory in /var/www/html/nittosupport/wp-content/themes/nittosupport_theme/functions.php on line 10
[14-Oct-2025 19:08:47 UTC] PHP Fatal error:  Uncaught Error: Failed opening required '/var/www/html/nittosupport/wp-content/themes/nittosupport_theme/core/Functions/helpers.php' (include_path='.:/usr/share/php') in /var/www/html/nittosupport/wp-content/themes/nittosupport_theme/functions.php:10
Stack trace:
#0 /var/www/html/nittosupport/wp-settings.php(695): include()
#1 /var/www/html/nittosupport/wp-config.php(106): require_once('...')
#2 /var/www/html/nittosupport/wp-load.php(50): require_once('...')
#3 /var/www/html/nittosupport/wp-admin/admin.php(35): require_once('...')
#4 /var/www/html/nittosupport/wp-admin/edit.php(10): require_once('...')
#5 {main}
  thrown in /var/www/html/nittosupport/wp-content/themes/nittosupport_theme/functions.php on line 10
[14-Oct-2025 19:08:47 UTC] PHP Notice:  Function _load_textdomain_just_in_time was called <strong>incorrectly</strong>. Translation loading for the <code>woocommerce</code> domain was triggered too early. This is usually an indicator for some code in the plugin or theme running too early. Translations should be loaded at the <code>init</code> action or later. Please see <a href="https://developer.wordpress.org/advanced-administration/debug/debug-wordpress/">Debugging in WordPress</a> for more information. (This message was added in version 6.7.0.) in /var/www/html/nittosupport/wp-includes/functions.php on line 6121
[14-Oct-2025 19:09:20 UTC] PHP Deprecated:  File Theme without header.php is <strong>deprecated</strong> since version 3.0.0 with no alternative available. Please include a header.php template in your theme. in /var/www/html/nittosupport/wp-includes/functions.php on line 6121
[14-Oct-2025 19:09:20 UTC] PHP Deprecated:  File Theme without footer.php is <strong>deprecated</strong> since version 3.0.0 with no alternative available. Please include a footer.php template in your theme. in /var/www/html/nittosupport/wp-includes/functions.php on line 6121
[14-Oct-2025 19:09:27 UTC] PHP Deprecated:  File Theme without header.php is <strong>deprecated</strong> since version 3.0.0 with no alternative available. Please include a header.php template in your theme. in /var/www/html/nittosupport/wp-includes/functions.php on line 6121
[14-Oct-2025 19:09:27 UTC] PHP Deprecated:  File Theme without footer.php is <strong>deprecated</strong> since version 3.0.0 with no alternative available. Please include a footer.php template in your theme. in /var/www/html/nittosupport/wp-includes/functions.php on line 6121
[14-Oct-2025 19:09:45 UTC] PHP Deprecated:  File Theme without header.php is <strong>deprecated</strong> since version 3.0.0 with no alternative available. Please include a header.php template in your theme. in /var/www/html/nittosupport/wp-includes/functions.php on line 6121
[14-Oct-2025 19:10:36 UTC] PHP Deprecated:  File Theme without header.php is <strong>deprecated</strong> since version 3.0.0 with no alternative available. Please include a header.php template in your theme. in /var/www/html/nittosupport/wp-includes/functions.php on line 6121
[14-Oct-2025 19:11:49 UTC] PHP Deprecated:  File Theme without header.php is <strong>deprecated</strong> since version 3.0.0 with no alternative available. Please include a header.php template in your theme. in /var/www/html/nittosupport/wp-includes/functions.php on line 6121
[14-Oct-2025 19:11:49 UTC] PHP Deprecated:  File Theme without footer.php is <strong>deprecated</strong> since version 3.0.0 with no alternative available. Please include a footer.php template in your theme. in /var/www/html/nittosupport/wp-includes/functions.php on line 6121
